[22-Dec-2024 15:48:18 Europe/Berlin] PHP Fatal error:  Uncaught Dotenv\Exception\InvalidPathException: Unable to read any of the environment file(s) at [./\.env]. in H:\www\Saeed\telegram-laravel\telegram\vendor\vlucas\phpdotenv\src\Store\FileStore.php:68
Stack trace:
#0 H:\www\Saeed\telegram-laravel\telegram\vendor\vlucas\phpdotenv\src\Dotenv.php(222): Dotenv\Store\FileStore->read()
#1 H:\www\Saeed\telegram-laravel\telegram\boot.php(6): Dotenv\Dotenv->load()
#2 H:\www\Saeed\telegram-laravel\telegram\index.php(7): include_once('H:\\www\\Saeed\\te...')
#3 {main}
  thrown in H:\www\Saeed\telegram-laravel\telegram\vendor\vlucas\phpdotenv\src\Store\FileStore.php on line 68
[22-Dec-2024 16:09:56 Europe/Berlin] PHP Fatal error:  Uncaught Dotenv\Exception\InvalidPathException: Unable to read any of the environment file(s) at [../../\.env]. in H:\www\Saeed\telegram-laravel\telegram\vendor\vlucas\phpdotenv\src\Store\FileStore.php:68
Stack trace:
#0 H:\www\Saeed\telegram-laravel\telegram\vendor\vlucas\phpdotenv\src\Dotenv.php(222): Dotenv\Store\FileStore->read()
#1 H:\www\Saeed\telegram-laravel\telegram\boot.php(6): Dotenv\Dotenv->load()
#2 H:\www\Saeed\telegram-laravel\telegram\index.php(7): include_once('H:\\www\\Saeed\\te...')
#3 {main}
  thrown in H:\www\Saeed\telegram-laravel\telegram\vendor\vlucas\phpdotenv\src\Store\FileStore.php on line 68
[22-Dec-2024 16:10:17 Europe/Berlin] PHP Fatal error:  Uncaught GuzzleHttp\Exception\ConnectException: cURL error 35: Recv failure: Connection was aborted (see https://curl.haxx.se/libcurl/c/libcurl-errors.html) for https://api.telegram.org/bot1060413360:AAGj_JM6bztQ7JipzwNfD2pRy6cFv_eP2tM/sendMessage?chat_id=0&text=hello%20world in H:\www\Saeed\telegram-laravel\telegram\vendor\guzzlehttp\guzzle\src\Handler\CurlFactory.php:275
Stack trace:
#0 H:\www\Saeed\telegram-laravel\telegram\vendor\guzzlehttp\guzzle\src\Handler\CurlFactory.php(205): GuzzleHttp\Handler\CurlFactory::createRejection(Object(GuzzleHttp\Handler\EasyHandle), Array)
#1 H:\www\Saeed\telegram-laravel\telegram\vendor\guzzlehttp\guzzle\src\Handler\CurlFactory.php(157): GuzzleHttp\Handler\CurlFactory::finishError(Object(GuzzleHttp\Handler\CurlHandler), Object(GuzzleHttp\Handler\EasyHandle), Object(GuzzleHttp\Handler\CurlFactory))
#2 H:\www\Saeed\telegram-laravel\telegram\vendor\guzzlehttp\guzzle\src\Handler\CurlHandler.php(47): GuzzleHttp\Handler\CurlFactory::finish(Object(GuzzleHttp\Handler\CurlHandler), Object(GuzzleHttp\Handler\EasyHandle), Object(GuzzleHttp\Handler\CurlFactory))
#3 H:\www\Saeed\telegram-laravel\telegram\vendor\guzzlehttp\guzzle\src\Handler\Proxy.php(28): GuzzleHttp\Handler\CurlHandler->__invoke(Object(GuzzleHttp\Psr7\Request), Array)
#4 H:\www\Saeed\telegram-laravel\telegram\vendor\guzzlehttp\guzzle\src\Handler\Proxy.php(48): GuzzleHttp\Handler\Proxy::GuzzleHttp\Handler\{closure}(Object(GuzzleHttp\Psr7\Request), Array)
#5 H:\www\Saeed\telegram-laravel\telegram\vendor\guzzlehttp\guzzle\src\PrepareBodyMiddleware.php(35): GuzzleHttp\Handler\Proxy::GuzzleHttp\Handler\{closure}(Object(GuzzleHttp\Psr7\Request), Array)
#6 H:\www\Saeed\telegram-laravel\telegram\vendor\guzzlehttp\guzzle\src\Middleware.php(31): GuzzleHttp\PrepareBodyMiddleware->__invoke(Object(GuzzleHttp\Psr7\Request), Array)
#7 H:\www\Saeed\telegram-laravel\telegram\vendor\guzzlehttp\guzzle\src\RedirectMiddleware.php(71): GuzzleHttp\Middleware::GuzzleHttp\{closure}(Object(GuzzleHttp\Psr7\Request), Array)
#8 H:\www\Saeed\telegram-laravel\telegram\vendor\guzzlehttp\guzzle\src\Middleware.php(66): GuzzleHttp\RedirectMiddleware->__invoke(Object(GuzzleHttp\Psr7\Request), Array)
#9 H:\www\Saeed\telegram-laravel\telegram\vendor\guzzlehttp\guzzle\src\HandlerStack.php(75): GuzzleHttp\Middleware::GuzzleHttp\{closure}(Object(GuzzleHttp\Psr7\Request), Array)
#10 H:\www\Saeed\telegram-laravel\telegram\vendor\guzzlehttp\guzzle\src\Client.php(333): GuzzleHttp\HandlerStack->__invoke(Object(GuzzleHttp\Psr7\Request), Array)
#11 H:\www\Saeed\telegram-laravel\telegram\vendor\guzzlehttp\guzzle\src\Client.php(169): GuzzleHttp\Client->transfer(Object(GuzzleHttp\Psr7\Request), Array)
#12 H:\www\Saeed\telegram-laravel\telegram\vendor\guzzlehttp\guzzle\src\Client.php(189): GuzzleHttp\Client->requestAsync('post', Object(GuzzleHttp\Psr7\Uri), Array)
#13 H:\www\Saeed\telegram-laravel\telegram\classes\Telegram.php(15): GuzzleHttp\Client->request('post', 'https://api.tel...', Array)
#14 H:\www\Saeed\telegram-laravel\telegram\index.php(11): Telegram::api('sendMessage', Array)
#15 {main}
  thrown in H:\www\Saeed\telegram-laravel\telegram\vendor\guzzlehttp\guzzle\src\Handler\CurlFactory.php on line 275
[22-Dec-2024 16:10:45 Europe/Berlin] PHP Fatal error:  Uncaught PDOException: SQLSTATE[HY093]: Invalid parameter number: number of bound variables does not match number of tokens in H:\www\Saeed\telegram-laravel\telegram\classes\Database.php:20
Stack trace:
#0 H:\www\Saeed\telegram-laravel\telegram\classes\Database.php(20): PDOStatement->execute(Array)
#1 H:\www\Saeed\telegram-laravel\telegram\helper.php(13): Database::create('users', Array, Array)
#2 H:\www\Saeed\telegram-laravel\telegram\index.php(10): createUser('1234567')
#3 {main}
  thrown in H:\www\Saeed\telegram-laravel\telegram\classes\Database.php on line 20
[22-Dec-2024 16:11:21 Europe/Berlin] PHP Fatal error:  Uncaught PDOException: SQLSTATE[HY093]: Invalid parameter number: number of bound variables does not match number of tokens in H:\www\Saeed\telegram-laravel\telegram\classes\Database.php:20
Stack trace:
#0 H:\www\Saeed\telegram-laravel\telegram\classes\Database.php(20): PDOStatement->execute(Array)
#1 H:\www\Saeed\telegram-laravel\telegram\helper.php(13): Database::create('users', Array, Array)
#2 H:\www\Saeed\telegram-laravel\telegram\index.php(10): createUser('1234567')
#3 {main}
  thrown in H:\www\Saeed\telegram-laravel\telegram\classes\Database.php on line 20
[22-Dec-2024 16:11:48 Europe/Berlin] PHP Fatal error:  Uncaught PDOException: SQLSTATE[HY093]: Invalid parameter number: number of bound variables does not match number of tokens in H:\www\Saeed\telegram-laravel\telegram\classes\Database.php:23
Stack trace:
#0 H:\www\Saeed\telegram-laravel\telegram\classes\Database.php(23): PDOStatement->execute(Array)
#1 H:\www\Saeed\telegram-laravel\telegram\helper.php(13): Database::create('users', Array, Array)
#2 H:\www\Saeed\telegram-laravel\telegram\index.php(10): createUser('1234567')
#3 {main}
  thrown in H:\www\Saeed\telegram-laravel\telegram\classes\Database.php on line 23
[22-Dec-2024 16:12:36 Europe/Berlin] PHP Warning:  Array to string conversion in H:\www\Saeed\telegram-laravel\telegram\classes\Database.php on line 18
[22-Dec-2024 16:12:36 Europe/Berlin] PHP Fatal error:  Uncaught PDOException: SQLSTATE[HY093]: Invalid parameter number: number of bound variables does not match number of tokens in H:\www\Saeed\telegram-laravel\telegram\classes\Database.php:23
Stack trace:
#0 H:\www\Saeed\telegram-laravel\telegram\classes\Database.php(23): PDOStatement->execute(Array)
#1 H:\www\Saeed\telegram-laravel\telegram\helper.php(13): Database::create('users', Array, Array)
#2 H:\www\Saeed\telegram-laravel\telegram\index.php(10): createUser('1234567')
#3 {main}
  thrown in H:\www\Saeed\telegram-laravel\telegram\classes\Database.php on line 23
[22-Dec-2024 16:13:13 Europe/Berlin] PHP Fatal error:  Uncaught PDOException: SQLSTATE[23000]: Integrity constraint violation: 1062 Duplicate entry '1234567' for key 'PRIMARY' in H:\www\Saeed\telegram-laravel\telegram\classes\Database.php:23
Stack trace:
#0 H:\www\Saeed\telegram-laravel\telegram\classes\Database.php(23): PDOStatement->execute(Array)
#1 H:\www\Saeed\telegram-laravel\telegram\helper.php(13): Database::create('users', Array, Array)
#2 H:\www\Saeed\telegram-laravel\telegram\index.php(10): createUser('1234567')
#3 {main}
  thrown in H:\www\Saeed\telegram-laravel\telegram\classes\Database.php on line 23
[22-Dec-2024 19:52:22 Europe/Berlin] PHP Fatal error:  Uncaught Dotenv\Exception\InvalidPathException: Unable to read any of the environment file(s) at [../../\.env]. in H:\www\Saeed\telegram-laravel\telegram\vendor\vlucas\phpdotenv\src\Store\FileStore.php:68
Stack trace:
#0 H:\www\Saeed\telegram-laravel\telegram\vendor\vlucas\phpdotenv\src\Dotenv.php(222): Dotenv\Store\FileStore->read()
#1 H:\www\Saeed\telegram-laravel\telegram\boot.php(7): Dotenv\Dotenv->load()
#2 H:\www\Saeed\telegram-laravel\telegram\index.php(7): include_once('H:\\www\\Saeed\\te...')
#3 {main}
  thrown in H:\www\Saeed\telegram-laravel\telegram\vendor\vlucas\phpdotenv\src\Store\FileStore.php on line 68
[22-Dec-2024 19:52:39 Europe/Berlin] PHP Fatal error:  Uncaught PDOException: SQLSTATE[23000]: Integrity constraint violation: 4025 CONSTRAINT `yn_users.data` failed for `azad`.`yn_users` in H:\www\Saeed\telegram-laravel\telegram\classes\Database.php:20
Stack trace:
#0 H:\www\Saeed\telegram-laravel\telegram\classes\Database.php(20): PDOStatement->execute(Array)
#1 H:\www\Saeed\telegram-laravel\telegram\helper.php(40): Database::create('YN_users', Array, Array)
#2 H:\www\Saeed\telegram-laravel\telegram\index.php(10): createUser('1234567')
#3 {main}
  thrown in H:\www\Saeed\telegram-laravel\telegram\classes\Database.php on line 20
[22-Dec-2024 19:53:10 Europe/Berlin] PHP Fatal error:  Uncaught PDOException: SQLSTATE[23000]: Integrity constraint violation: 1062 Duplicate entry '1234567' for key 'PRIMARY' in H:\www\Saeed\telegram-laravel\telegram\classes\Database.php:20
Stack trace:
#0 H:\www\Saeed\telegram-laravel\telegram\classes\Database.php(20): PDOStatement->execute(Array)
#1 H:\www\Saeed\telegram-laravel\telegram\helper.php(40): Database::create('YN_users', Array, Array)
#2 H:\www\Saeed\telegram-laravel\telegram\index.php(10): createUser('1234567')
#3 {main}
  thrown in H:\www\Saeed\telegram-laravel\telegram\classes\Database.php on line 20
[22-Dec-2024 19:53:20 Europe/Berlin] PHP Fatal error:  Uncaught PDOException: SQLSTATE[23000]: Integrity constraint violation: 1062 Duplicate entry 'aaabbbb' for key 'api_token' in H:\www\Saeed\telegram-laravel\telegram\classes\Database.php:20
Stack trace:
#0 H:\www\Saeed\telegram-laravel\telegram\classes\Database.php(20): PDOStatement->execute(Array)
#1 H:\www\Saeed\telegram-laravel\telegram\helper.php(40): Database::create('YN_users', Array, Array)
#2 H:\www\Saeed\telegram-laravel\telegram\index.php(10): createUser('12345678')
#3 {main}
  thrown in H:\www\Saeed\telegram-laravel\telegram\classes\Database.php on line 20
[22-Dec-2024 19:55:18 Europe/Berlin] PHP Fatal error:  Allowed memory size of 536870912 bytes exhausted (tried to allocate 20480 bytes) in H:\www\Saeed\telegram-laravel\telegram\classes\Database.php on line 20
[22-Dec-2024 19:58:14 Europe/Berlin] PHP Warning:  Undefined array key 1 in H:\www\Saeed\telegram-laravel\telegram\helper.php on line 54
[22-Dec-2024 19:58:14 Europe/Berlin] PHP Warning:  Undefined array key 1 in H:\www\Saeed\telegram-laravel\telegram\helper.php on line 54
[22-Dec-2024 19:58:14 Europe/Berlin] PHP Warning:  Undefined array key 1 in H:\www\Saeed\telegram-laravel\telegram\helper.php on line 54
[22-Dec-2024 19:58:14 Europe/Berlin] PHP Warning:  Undefined array key 1 in H:\www\Saeed\telegram-laravel\telegram\helper.php on line 54
[22-Dec-2024 19:58:14 Europe/Berlin] PHP Warning:  Undefined array key 1 in H:\www\Saeed\telegram-laravel\telegram\helper.php on line 54
[22-Dec-2024 19:58:14 Europe/Berlin] PHP Warning:  Undefined array key 1 in H:\www\Saeed\telegram-laravel\telegram\helper.php on line 54
[22-Dec-2024 19:58:14 Europe/Berlin] PHP Warning:  Undefined array key 1 in H:\www\Saeed\telegram-laravel\telegram\helper.php on line 54
[22-Dec-2024 19:58:14 Europe/Berlin] PHP Warning:  Undefined array key 1 in H:\www\Saeed\telegram-laravel\telegram\helper.php on line 54
[22-Dec-2024 19:58:14 Europe/Berlin] PHP Warning:  Undefined array key 1 in H:\www\Saeed\telegram-laravel\telegram\helper.php on line 54
[22-Dec-2024 19:58:14 Europe/Berlin] PHP Warning:  Undefined array key 1 in H:\www\Saeed\telegram-laravel\telegram\helper.php on line 54
[22-Dec-2024 19:58:37 Europe/Berlin] PHP Warning:  Undefined array key 1 in H:\www\Saeed\telegram-laravel\telegram\helper.php on line 55
[22-Dec-2024 19:58:37 Europe/Berlin] PHP Warning:  Undefined array key 1 in H:\www\Saeed\telegram-laravel\telegram\helper.php on line 55
[22-Dec-2024 19:58:37 Europe/Berlin] PHP Warning:  Undefined array key 1 in H:\www\Saeed\telegram-laravel\telegram\helper.php on line 55
[22-Dec-2024 19:58:37 Europe/Berlin] PHP Warning:  Undefined array key 1 in H:\www\Saeed\telegram-laravel\telegram\helper.php on line 55
[22-Dec-2024 19:58:37 Europe/Berlin] PHP Warning:  Undefined array key 1 in H:\www\Saeed\telegram-laravel\telegram\helper.php on line 55
[22-Dec-2024 19:58:37 Europe/Berlin] PHP Warning:  Undefined array key 1 in H:\www\Saeed\telegram-laravel\telegram\helper.php on line 55
[22-Dec-2024 19:58:37 Europe/Berlin] PHP Warning:  Undefined array key 1 in H:\www\Saeed\telegram-laravel\telegram\helper.php on line 55
[22-Dec-2024 19:58:37 Europe/Berlin] PHP Warning:  Undefined array key 1 in H:\www\Saeed\telegram-laravel\telegram\helper.php on line 55
[22-Dec-2024 19:58:37 Europe/Berlin] PHP Warning:  Undefined array key 1 in H:\www\Saeed\telegram-laravel\telegram\helper.php on line 55
[22-Dec-2024 19:58:37 Europe/Berlin] PHP Warning:  Undefined array key 1 in H:\www\Saeed\telegram-laravel\telegram\helper.php on line 55
[22-Dec-2024 20:02:36 Europe/Berlin] error ID: -100 - error Message: could not generate unique uuid
[22-Dec-2024 20:02:56 Europe/Berlin] error ID: -100 - error Message: could not generate unique uuid
